2019-11-08 10:35:48,843  INFO [main] LogReport:40 - Starting Redirection validation
2019-11-08 10:35:48,882  INFO [main] LogReport:40 - Redirection is on the correct page
2019-11-08 10:35:48,882  INFO [main] LogReport:40 - Starting the homepage testing
2019-11-08 10:35:49,967 DEBUG [main] cache:45 - Couldn't find template in cache for "Extent.ftl"("en_US", UTF-8, parsed); will try to load it.
2019-11-08 10:35:49,972 DEBUG [main] cache:45 - TemplateLoader.findTemplateSource("Extent_en_US.ftl"): Not found
2019-11-08 10:35:49,978 DEBUG [main] cache:45 - TemplateLoader.findTemplateSource("Extent_en.ftl"): Not found
2019-11-08 10:35:49,997 DEBUG [main] cache:45 - TemplateLoader.findTemplateSource("Extent.ftl"): Found
2019-11-08 10:35:49,999 DEBUG [main] cache:45 - Loading template for "Extent.ftl"("en_US", UTF-8, parsed) from "jar:file:/C:/Users/saurabh.chauhan/.m2/repository/com/relevantcodes/extentreports/2.41.2/extentreports-2.41.2.jar!/com/relevantcodes/extentreports/view/Extent.ftl"
2019-11-08 10:42:04,410 DEBUG [main] cache:45 - Couldn't find template in cache for "Extent.ftl"("en_US", UTF-8, parsed); will try to load it.
2019-11-08 10:42:04,416 DEBUG [main] cache:45 - TemplateLoader.findTemplateSource("Extent_en_US.ftl"): Not found
2019-11-08 10:42:04,419 DEBUG [main] cache:45 - TemplateLoader.findTemplateSource("Extent_en.ftl"): Not found
2019-11-08 10:42:04,424 DEBUG [main] cache:45 - TemplateLoader.findTemplateSource("Extent.ftl"): Found
2019-11-08 10:42:04,426 DEBUG [main] cache:45 - Loading template for "Extent.ftl"("en_US", UTF-8, parsed) from "jar:file:/C:/Users/saurabh.chauhan/.m2/repository/com/relevantcodes/extentreports/2.41.2/extentreports-2.41.2.jar!/com/relevantcodes/extentreports/view/Extent.ftl"
2019-11-08 10:43:13,608  INFO [main] LogReport:40 - Starting Redirection validation
2019-11-08 10:43:13,725  INFO [main] LogReport:40 - Redirection is on the correct page
2019-11-08 10:43:13,726  INFO [main] LogReport:40 - Starting the homepage testing
2019-11-08 10:43:18,960 DEBUG [main] cache:45 - Couldn't find template in cache for "Extent.ftl"("en_US", UTF-8, parsed); will try to load it.
2019-11-08 10:43:18,962 DEBUG [main] cache:45 - TemplateLoader.findTemplateSource("Extent_en_US.ftl"): Not found
2019-11-08 10:43:18,964 DEBUG [main] cache:45 - TemplateLoader.findTemplateSource("Extent_en.ftl"): Not found
2019-11-08 10:43:18,966 DEBUG [main] cache:45 - TemplateLoader.findTemplateSource("Extent.ftl"): Found
2019-11-08 10:43:18,967 DEBUG [main] cache:45 - Loading template for "Extent.ftl"("en_US", UTF-8, parsed) from "jar:file:/C:/Users/saurabh.chauhan/.m2/repository/com/relevantcodes/extentreports/2.41.2/extentreports-2.41.2.jar!/com/relevantcodes/extentreports/view/Extent.ftl"
2019-11-08 10:44:40,589  INFO [main] LogReport:40 - Starting Redirection validation
2019-11-08 10:44:40,652  INFO [main] LogReport:40 - Redirection is on the correct page
2019-11-08 10:44:40,653  INFO [main] LogReport:40 - Starting the homepage testing
2019-11-08 10:44:42,180 DEBUG [main] cache:45 - Couldn't find template in cache for "Extent.ftl"("en_US", UTF-8, parsed); will try to load it.
2019-11-08 10:44:42,188 DEBUG [main] cache:45 - TemplateLoader.findTemplateSource("Extent_en_US.ftl"): Not found
2019-11-08 10:44:42,195 DEBUG [main] cache:45 - TemplateLoader.findTemplateSource("Extent_en.ftl"): Not found
2019-11-08 10:44:42,198 DEBUG [main] cache:45 - TemplateLoader.findTemplateSource("Extent.ftl"): Found
2019-11-08 10:44:42,200 DEBUG [main] cache:45 - Loading template for "Extent.ftl"("en_US", UTF-8, parsed) from "jar:file:/C:/Users/saurabh.chauhan/.m2/repository/com/relevantcodes/extentreports/2.41.2/extentreports-2.41.2.jar!/com/relevantcodes/extentreports/view/Extent.ftl"
2019-11-08 10:47:44,064  INFO [main] LogReport:40 - Starting Redirection validation
2019-11-08 10:47:44,096  INFO [main] LogReport:40 - Redirection is on the correct page
2019-11-08 10:47:44,097  INFO [main] LogReport:40 - Starting the homepage testing
2019-11-08 10:47:49,875  INFO [main] LogReport:40 - Validation done
2019-11-08 10:47:50,903 DEBUG [main] cache:45 - Couldn't find template in cache for "Extent.ftl"("en_US", UTF-8, parsed); will try to load it.
2019-11-08 10:47:50,913 DEBUG [main] cache:45 - TemplateLoader.findTemplateSource("Extent_en_US.ftl"): Not found
2019-11-08 10:47:50,918 DEBUG [main] cache:45 - TemplateLoader.findTemplateSource("Extent_en.ftl"): Not found
2019-11-08 10:47:50,923 DEBUG [main] cache:45 - TemplateLoader.findTemplateSource("Extent.ftl"): Found
2019-11-08 10:47:50,924 DEBUG [main] cache:45 - Loading template for "Extent.ftl"("en_US", UTF-8, parsed) from "jar:file:/C:/Users/saurabh.chauhan/.m2/repository/com/relevantcodes/extentreports/2.41.2/extentreports-2.41.2.jar!/com/relevantcodes/extentreports/view/Extent.ftl"
2019-11-08 10:51:52,361  INFO [main] LogReport:40 - Starting Redirection validation
2019-11-08 10:51:52,404  INFO [main] LogReport:40 - Redirection is on the correct page
2019-11-08 10:51:52,405  INFO [main] LogReport:40 - Starting the homepage testing
2019-11-08 10:51:54,401  INFO [main] LogReport:40 - Validation done
2019-11-08 10:51:55,448 DEBUG [main] cache:45 - Couldn't find template in cache for "Extent.ftl"("en_US", UTF-8, parsed); will try to load it.
2019-11-08 10:51:55,452 DEBUG [main] cache:45 - TemplateLoader.findTemplateSource("Extent_en_US.ftl"): Not found
2019-11-08 10:51:55,456 DEBUG [main] cache:45 - TemplateLoader.findTemplateSource("Extent_en.ftl"): Not found
2019-11-08 10:51:55,469 DEBUG [main] cache:45 - TemplateLoader.findTemplateSource("Extent.ftl"): Found
2019-11-08 10:51:55,470 DEBUG [main] cache:45 - Loading template for "Extent.ftl"("en_US", UTF-8, parsed) from "jar:file:/C:/Users/saurabh.chauhan/.m2/repository/com/relevantcodes/extentreports/2.41.2/extentreports-2.41.2.jar!/com/relevantcodes/extentreports/view/Extent.ftl"
2019-11-08 10:55:36,960  INFO [main] LogReport:40 - Starting Redirection validation
2019-11-08 10:55:36,986  INFO [main] LogReport:40 - Redirection is on the correct page
2019-11-08 10:55:36,986  INFO [main] LogReport:40 - Starting the homepage testing
2019-11-08 10:55:45,870 DEBUG [main] cache:45 - Couldn't find template in cache for "Extent.ftl"("en_US", UTF-8, parsed); will try to load it.
2019-11-08 10:55:45,875 DEBUG [main] cache:45 - TemplateLoader.findTemplateSource("Extent_en_US.ftl"): Not found
2019-11-08 10:55:45,882 DEBUG [main] cache:45 - TemplateLoader.findTemplateSource("Extent_en.ftl"): Not found
2019-11-08 10:55:45,885 DEBUG [main] cache:45 - TemplateLoader.findTemplateSource("Extent.ftl"): Found
2019-11-08 10:55:45,886 DEBUG [main] cache:45 - Loading template for "Extent.ftl"("en_US", UTF-8, parsed) from "jar:file:/C:/Users/saurabh.chauhan/.m2/repository/com/relevantcodes/extentreports/2.41.2/extentreports-2.41.2.jar!/com/relevantcodes/extentreports/view/Extent.ftl"
2019-11-08 10:56:53,238  INFO [main] LogReport:40 - Starting Redirection validation
2019-11-08 10:56:53,311  INFO [main] LogReport:40 - Redirection is on the correct page
2019-11-08 10:56:53,312  INFO [main] LogReport:40 - Starting the homepage testing
2019-11-08 10:57:02,076 DEBUG [main] cache:45 - Couldn't find template in cache for "Extent.ftl"("en_US", UTF-8, parsed); will try to load it.
2019-11-08 10:57:02,082 DEBUG [main] cache:45 - TemplateLoader.findTemplateSource("Extent_en_US.ftl"): Not found
2019-11-08 10:57:02,090 DEBUG [main] cache:45 - TemplateLoader.findTemplateSource("Extent_en.ftl"): Not found
2019-11-08 10:57:02,093 DEBUG [main] cache:45 - TemplateLoader.findTemplateSource("Extent.ftl"): Found
2019-11-08 10:57:02,095 DEBUG [main] cache:45 - Loading template for "Extent.ftl"("en_US", UTF-8, parsed) from "jar:file:/C:/Users/saurabh.chauhan/.m2/repository/com/relevantcodes/extentreports/2.41.2/extentreports-2.41.2.jar!/com/relevantcodes/extentreports/view/Extent.ftl"
2019-11-08 11:02:08,792  INFO [main] LogReport:40 - Starting Redirection validation
2019-11-08 11:02:08,846  INFO [main] LogReport:40 - Redirection is on the correct page
2019-11-08 11:02:08,847  INFO [main] LogReport:40 - Starting the homepage testing
2019-11-08 11:02:11,256  INFO [main] LogReport:40 - Validation done
2019-11-08 11:02:11,939 DEBUG [main] cache:45 - Couldn't find template in cache for "Extent.ftl"("en_US", UTF-8, parsed); will try to load it.
2019-11-08 11:02:11,941 DEBUG [main] cache:45 - TemplateLoader.findTemplateSource("Extent_en_US.ftl"): Not found
2019-11-08 11:02:11,945 DEBUG [main] cache:45 - TemplateLoader.findTemplateSource("Extent_en.ftl"): Not found
2019-11-08 11:02:11,948 DEBUG [main] cache:45 - TemplateLoader.findTemplateSource("Extent.ftl"): Found
2019-11-08 11:02:11,949 DEBUG [main] cache:45 - Loading template for "Extent.ftl"("en_US", UTF-8, parsed) from "jar:file:/C:/Users/saurabh.chauhan/.m2/repository/com/relevantcodes/extentreports/2.41.2/extentreports-2.41.2.jar!/com/relevantcodes/extentreports/view/Extent.ftl"
2019-11-08 11:32:57,022  INFO [main] LogReport:40 - Starting Redirection validation
2019-11-08 11:32:57,078  INFO [main] LogReport:40 - Redirection is on the correct page
2019-11-08 11:32:57,079  INFO [main] LogReport:40 - Starting the homepage testing
2019-11-08 11:32:59,877  INFO [main] LogReport:40 - Validation done
2019-11-08 11:33:00,732 DEBUG [main] cache:45 - Couldn't find template in cache for "Extent.ftl"("en_US", UTF-8, parsed); will try to load it.
2019-11-08 11:33:00,735 DEBUG [main] cache:45 - TemplateLoader.findTemplateSource("Extent_en_US.ftl"): Not found
2019-11-08 11:33:00,739 DEBUG [main] cache:45 - TemplateLoader.findTemplateSource("Extent_en.ftl"): Not found
2019-11-08 11:33:00,741 DEBUG [main] cache:45 - TemplateLoader.findTemplateSource("Extent.ftl"): Found
2019-11-08 11:33:00,742 DEBUG [main] cache:45 - Loading template for "Extent.ftl"("en_US", UTF-8, parsed) from "jar:file:/C:/Users/saurabh.chauhan/.m2/repository/com/relevantcodes/extentreports/2.41.2/extentreports-2.41.2.jar!/com/relevantcodes/extentreports/view/Extent.ftl"
2019-11-08 11:37:16,476  INFO [main] LogReport:40 - Starting Redirection validation
2019-11-08 11:37:16,542  INFO [main] LogReport:40 - Redirection is on the correct page
2019-11-08 11:37:16,543  INFO [main] LogReport:40 - Starting the homepage testing
2019-11-08 11:37:18,941  INFO [main] LogReport:40 - Validation done
2019-11-08 11:37:19,467 DEBUG [main] cache:45 - Couldn't find template in cache for "Extent.ftl"("en_US", UTF-8, parsed); will try to load it.
2019-11-08 11:37:19,470 DEBUG [main] cache:45 - TemplateLoader.findTemplateSource("Extent_en_US.ftl"): Not found
2019-11-08 11:37:19,473 DEBUG [main] cache:45 - TemplateLoader.findTemplateSource("Extent_en.ftl"): Not found
2019-11-08 11:37:19,476 DEBUG [main] cache:45 - TemplateLoader.findTemplateSource("Extent.ftl"): Found
2019-11-08 11:37:19,478 DEBUG [main] cache:45 - Loading template for "Extent.ftl"("en_US", UTF-8, parsed) from "jar:file:/C:/Users/saurabh.chauhan/.m2/repository/com/relevantcodes/extentreports/2.41.2/extentreports-2.41.2.jar!/com/relevantcodes/extentreports/view/Extent.ftl"
2019-11-08 12:16:48,104  INFO [main] LogReport:40 - Starting Redirection validation
2019-11-08 12:16:48,168  INFO [main] LogReport:40 - Redirection is on the correct page
2019-11-08 12:16:48,169  INFO [main] LogReport:40 - Starting the homepage testing
2019-11-08 12:17:08,113 DEBUG [main] cache:45 - Couldn't find template in cache for "Extent.ftl"("en_US", UTF-8, parsed); will try to load it.
2019-11-08 12:17:08,127 DEBUG [main] cache:45 - TemplateLoader.findTemplateSource("Extent_en_US.ftl"): Not found
2019-11-08 12:17:08,130 DEBUG [main] cache:45 - TemplateLoader.findTemplateSource("Extent_en.ftl"): Not found
2019-11-08 12:17:08,133 DEBUG [main] cache:45 - TemplateLoader.findTemplateSource("Extent.ftl"): Found
2019-11-08 12:17:08,134 DEBUG [main] cache:45 - Loading template for "Extent.ftl"("en_US", UTF-8, parsed) from "jar:file:/C:/Users/saurabh.chauhan/.m2/repository/com/relevantcodes/extentreports/2.41.2/extentreports-2.41.2.jar!/com/relevantcodes/extentreports/view/Extent.ftl"
2019-11-08 12:23:20,131  INFO [main] LogReport:40 - Starting Redirection validation
2019-11-08 12:23:20,158  INFO [main] LogReport:40 - Redirection is on the correct page
2019-11-08 12:23:20,159  INFO [main] LogReport:40 - Starting the homepage testing
2019-11-08 12:23:25,694  INFO [main] LogReport:40 - product name is correct
2019-11-08 12:23:40,785 DEBUG [main] cache:45 - Couldn't find template in cache for "Extent.ftl"("en_US", UTF-8, parsed); will try to load it.
2019-11-08 12:23:40,787 DEBUG [main] cache:45 - TemplateLoader.findTemplateSource("Extent_en_US.ftl"): Not found
2019-11-08 12:23:40,791 DEBUG [main] cache:45 - TemplateLoader.findTemplateSource("Extent_en.ftl"): Not found
2019-11-08 12:23:40,794 DEBUG [main] cache:45 - TemplateLoader.findTemplateSource("Extent.ftl"): Found
2019-11-08 12:23:40,797 DEBUG [main] cache:45 - Loading template for "Extent.ftl"("en_US", UTF-8, parsed) from "jar:file:/C:/Users/saurabh.chauhan/.m2/repository/com/relevantcodes/extentreports/2.41.2/extentreports-2.41.2.jar!/com/relevantcodes/extentreports/view/Extent.ftl"
2019-11-08 12:27:03,163  INFO [main] LogReport:40 - Starting Redirection validation
2019-11-08 12:27:03,203  INFO [main] LogReport:40 - Redirection is on the correct page
2019-11-08 12:27:03,204  INFO [main] LogReport:40 - Starting the homepage testing
2019-11-08 12:27:07,158 DEBUG [main] cache:45 - Couldn't find template in cache for "Extent.ftl"("en_US", UTF-8, parsed); will try to load it.
2019-11-08 12:27:07,163 DEBUG [main] cache:45 - TemplateLoader.findTemplateSource("Extent_en_US.ftl"): Not found
2019-11-08 12:27:07,167 DEBUG [main] cache:45 - TemplateLoader.findTemplateSource("Extent_en.ftl"): Not found
2019-11-08 12:27:07,169 DEBUG [main] cache:45 - TemplateLoader.findTemplateSource("Extent.ftl"): Found
2019-11-08 12:27:07,171 DEBUG [main] cache:45 - Loading template for "Extent.ftl"("en_US", UTF-8, parsed) from "jar:file:/C:/Users/saurabh.chauhan/.m2/repository/com/relevantcodes/extentreports/2.41.2/extentreports-2.41.2.jar!/com/relevantcodes/extentreports/view/Extent.ftl"
2019-11-08 12:30:32,916  INFO [main] LogReport:40 - Starting Redirection validation
2019-11-08 12:30:32,978  INFO [main] LogReport:40 - Redirection is on the correct page
2019-11-08 12:30:32,979  INFO [main] LogReport:40 - Starting the homepage testing
2019-11-08 12:30:37,911  INFO [main] LogReport:40 - product name is correct
2019-11-08 12:30:40,172  INFO [main] LogReport:40 - product name is correct
2019-11-08 12:30:42,085 DEBUG [main] cache:45 - Couldn't find template in cache for "Extent.ftl"("en_US", UTF-8, parsed); will try to load it.
2019-11-08 12:30:42,088 DEBUG [main] cache:45 - TemplateLoader.findTemplateSource("Extent_en_US.ftl"): Not found
2019-11-08 12:30:42,092 DEBUG [main] cache:45 - TemplateLoader.findTemplateSource("Extent_en.ftl"): Not found
2019-11-08 12:30:42,094 DEBUG [main] cache:45 - TemplateLoader.findTemplateSource("Extent.ftl"): Found
2019-11-08 12:30:42,096 DEBUG [main] cache:45 - Loading template for "Extent.ftl"("en_US", UTF-8, parsed) from "jar:file:/C:/Users/saurabh.chauhan/.m2/repository/com/relevantcodes/extentreports/2.41.2/extentreports-2.41.2.jar!/com/relevantcodes/extentreports/view/Extent.ftl"
2019-11-08 12:33:03,954  INFO [main] LogReport:40 - Starting Redirection validation
2019-11-08 12:33:03,998  INFO [main] LogReport:40 - Redirection is on the correct page
2019-11-08 12:33:03,998  INFO [main] LogReport:40 - Starting the homepage testing
2019-11-08 12:33:09,239  INFO [main] LogReport:40 - product name is correct
2019-11-08 12:33:11,763  INFO [main] LogReport:40 - product name is correct
2019-11-08 12:33:13,732 DEBUG [main] cache:45 - Couldn't find template in cache for "Extent.ftl"("en_US", UTF-8, parsed); will try to load it.
2019-11-08 12:33:13,736 DEBUG [main] cache:45 - TemplateLoader.findTemplateSource("Extent_en_US.ftl"): Not found
2019-11-08 12:33:13,746 DEBUG [main] cache:45 - TemplateLoader.findTemplateSource("Extent_en.ftl"): Not found
2019-11-08 12:33:13,749 DEBUG [main] cache:45 - TemplateLoader.findTemplateSource("Extent.ftl"): Found
2019-11-08 12:33:13,751 DEBUG [main] cache:45 - Loading template for "Extent.ftl"("en_US", UTF-8, parsed) from "jar:file:/C:/Users/saurabh.chauhan/.m2/repository/com/relevantcodes/extentreports/2.41.2/extentreports-2.41.2.jar!/com/relevantcodes/extentreports/view/Extent.ftl"
2019-11-08 12:37:09,714  INFO [main] LogReport:40 - Starting Redirection validation
2019-11-08 12:37:09,782  INFO [main] LogReport:40 - Redirection is on the correct page
2019-11-08 12:37:09,783  INFO [main] LogReport:40 - Starting the homepage testing
2019-11-08 12:37:13,325  INFO [main] LogReport:40 - product name is correct
2019-11-08 12:37:15,153  INFO [main] LogReport:40 - product name is correct
2019-11-08 12:37:16,525 DEBUG [main] cache:45 - Couldn't find template in cache for "Extent.ftl"("en_US", UTF-8, parsed); will try to load it.
2019-11-08 12:37:16,528 DEBUG [main] cache:45 - TemplateLoader.findTemplateSource("Extent_en_US.ftl"): Not found
2019-11-08 12:37:16,533 DEBUG [main] cache:45 - TemplateLoader.findTemplateSource("Extent_en.ftl"): Not found
2019-11-08 12:37:16,536 DEBUG [main] cache:45 - TemplateLoader.findTemplateSource("Extent.ftl"): Found
2019-11-08 12:37:16,547 DEBUG [main] cache:45 - Loading template for "Extent.ftl"("en_US", UTF-8, parsed) from "jar:file:/C:/Users/saurabh.chauhan/.m2/repository/com/relevantcodes/extentreports/2.41.2/extentreports-2.41.2.jar!/com/relevantcodes/extentreports/view/Extent.ftl"
2019-11-08 12:45:04,580  INFO [main] LogReport:40 - Starting Redirection validation
2019-11-08 12:45:04,610  INFO [main] LogReport:40 - Redirection is on the correct page
2019-11-08 12:45:04,611  INFO [main] LogReport:40 - Starting the homepage testing
2019-11-08 12:45:08,078  INFO [main] LogReport:40 - product name is correct
2019-11-08 12:45:10,190  INFO [main] LogReport:40 - product name is correct
2019-11-08 12:45:12,455 DEBUG [main] cache:45 - Couldn't find template in cache for "Extent.ftl"("en_US", UTF-8, parsed); will try to load it.
2019-11-08 12:45:12,457 DEBUG [main] cache:45 - TemplateLoader.findTemplateSource("Extent_en_US.ftl"): Not found
2019-11-08 12:45:12,460 DEBUG [main] cache:45 - TemplateLoader.findTemplateSource("Extent_en.ftl"): Not found
2019-11-08 12:45:12,462 DEBUG [main] cache:45 - TemplateLoader.findTemplateSource("Extent.ftl"): Found
2019-11-08 12:45:12,464 DEBUG [main] cache:45 - Loading template for "Extent.ftl"("en_US", UTF-8, parsed) from "jar:file:/C:/Users/saurabh.chauhan/.m2/repository/com/relevantcodes/extentreports/2.41.2/extentreports-2.41.2.jar!/com/relevantcodes/extentreports/view/Extent.ftl"
2019-11-08 12:46:28,301  INFO [main] LogReport:40 - Starting Redirection validation
2019-11-08 12:46:31,394  INFO [main] LogReport:40 - product name is correct
2019-11-08 12:46:32,934  INFO [main] LogReport:40 - product name is correct
2019-11-08 12:50:25,883 DEBUG [main] cache:45 - Couldn't find template in cache for "Extent.ftl"("en_US", UTF-8, parsed); will try to load it.
2019-11-08 12:50:25,889 DEBUG [main] cache:45 - TemplateLoader.findTemplateSource("Extent_en_US.ftl"): Not found
2019-11-08 12:50:25,891 DEBUG [main] cache:45 - TemplateLoader.findTemplateSource("Extent_en.ftl"): Not found
2019-11-08 12:50:25,894 DEBUG [main] cache:45 - TemplateLoader.findTemplateSource("Extent.ftl"): Found
2019-11-08 12:50:25,895 DEBUG [main] cache:45 - Loading template for "Extent.ftl"("en_US", UTF-8, parsed) from "jar:file:/C:/Users/saurabh.chauhan/.m2/repository/com/relevantcodes/extentreports/2.41.2/extentreports-2.41.2.jar!/com/relevantcodes/extentreports/view/Extent.ftl"
2019-11-08 12:57:07,499 DEBUG [main] cache:45 - Couldn't find template in cache for "Extent.ftl"("en_US", UTF-8, parsed); will try to load it.
2019-11-08 12:57:07,507 DEBUG [main] cache:45 - TemplateLoader.findTemplateSource("Extent_en_US.ftl"): Not found
2019-11-08 12:57:07,507 DEBUG [main] cache:45 - TemplateLoader.findTemplateSource("Extent_en.ftl"): Not found
2019-11-08 12:57:07,507 DEBUG [main] cache:45 - TemplateLoader.findTemplateSource("Extent.ftl"): Found
2019-11-08 12:57:07,507 DEBUG [main] cache:45 - Loading template for "Extent.ftl"("en_US", UTF-8, parsed) from "jar:file:/C:/Users/saurabh.chauhan/.m2/repository/com/relevantcodes/extentreports/2.41.2/extentreports-2.41.2.jar!/com/relevantcodes/extentreports/view/Extent.ftl"
2019-11-08 13:02:56,043  INFO [main] LogReport:40 - Starting Redirection validation
2019-11-08 13:02:59,607  INFO [main] LogReport:40 - product name is correct
2019-11-08 13:03:01,207  INFO [main] LogReport:40 - product name is correct
2019-11-08 13:05:31,077  INFO [main] LogReport:40 - Starting Redirection validation
2019-11-08 13:05:31,153  INFO [main] LogReport:40 - Redirection is on the correct page
2019-11-08 13:05:31,154  INFO [main] LogReport:40 - Starting the homepage testing
2019-11-08 13:05:38,378  INFO [main] LogReport:40 - product name is correct
2019-11-08 13:05:42,554  INFO [main] LogReport:40 - product name is correct
2019-11-08 13:07:46,590  INFO [main] LogReport:40 - Starting Redirection validation
2019-11-08 13:07:46,649  INFO [main] LogReport:40 - Redirection is on the correct page
2019-11-08 13:07:46,650  INFO [main] LogReport:40 - Starting the homepage testing
2019-11-08 13:07:51,000  INFO [main] LogReport:40 - product name is correct
2019-11-08 13:07:52,863  INFO [main] LogReport:40 - product name is correct
2019-11-08 13:10:30,262  INFO [main] LogReport:40 - Starting Redirection validation
2019-11-08 13:10:30,388  INFO [main] LogReport:40 - Redirection is on the correct page
2019-11-08 13:10:30,390  INFO [main] LogReport:40 - Starting the homepage testing
2019-11-08 13:10:36,546  INFO [main] LogReport:40 - product name is correct
2019-11-08 13:10:38,248  INFO [main] LogReport:40 - product name is correct
2019-11-08 13:44:44,070  INFO [main] LogReport:40 - Starting Redirection validation
2019-11-08 13:44:44,147  INFO [main] LogReport:40 - Redirection is on the correct page
2019-11-08 13:44:44,148  INFO [main] LogReport:40 - Starting the homepage testing
2019-11-08 13:45:56,138  INFO [main] LogReport:40 - Starting Redirection validation
2019-11-08 13:45:56,178  INFO [main] LogReport:40 - Redirection is on the correct page
2019-11-08 13:45:56,178  INFO [main] LogReport:40 - Starting the homepage testing
2019-11-08 13:45:59,577  INFO [main] LogReport:40 - product name is correct
2019-11-08 13:46:01,141  INFO [main] LogReport:40 - product name is correct
2019-11-08 13:48:41,040  INFO [main] LogReport:40 - Starting Redirection validation
2019-11-08 13:48:41,124  INFO [main] LogReport:40 - Redirection is on the correct page
2019-11-08 13:48:41,124  INFO [main] LogReport:40 - Starting the homepage testing
2019-11-08 13:48:44,286  INFO [main] LogReport:40 - product name is correct
2019-11-08 13:48:45,960  INFO [main] LogReport:40 - product name is correct
2019-11-08 14:04:51,633  INFO [main] LogReport:40 - Starting Redirection validation
2019-11-08 14:04:51,677  INFO [main] LogReport:40 - Redirection is on the correct page
2019-11-08 14:04:51,678  INFO [main] LogReport:40 - Starting the homepage testing
2019-11-08 14:04:55,115  INFO [main] LogReport:40 - product name is correct
2019-11-08 14:04:56,883  INFO [main] LogReport:40 - product name is correct
2019-11-08 14:11:18,798  INFO [main] LogReport:40 - Starting Redirection validation
2019-11-08 14:11:18,842  INFO [main] LogReport:40 - Redirection is on the correct page
2019-11-08 14:11:18,843  INFO [main] LogReport:40 - Starting the homepage testing
2019-11-08 14:12:05,306  INFO [main] LogReport:40 - Starting Redirection validation
2019-11-08 14:12:05,335  INFO [main] LogReport:40 - Redirection is on the correct page
2019-11-08 14:12:05,335  INFO [main] LogReport:40 - Starting the homepage testing
2019-11-08 14:12:08,364  INFO [main] LogReport:40 - product name is correct
2019-11-08 14:12:09,925  INFO [main] LogReport:40 - product name is correct
2019-11-08 14:13:54,128  INFO [main] LogReport:40 - Starting Redirection validation
2019-11-08 14:13:54,166  INFO [main] LogReport:40 - Redirection is on the correct page
2019-11-08 14:13:54,167  INFO [main] LogReport:40 - Starting the homepage testing
2019-11-08 14:13:57,383  INFO [main] LogReport:40 - product name is correct
2019-11-08 14:13:58,944  INFO [main] LogReport:40 - product name is correct
2019-11-08 14:15:50,333  INFO [main] LogReport:40 - Starting Redirection validation
2019-11-08 14:15:50,369  INFO [main] LogReport:40 - Redirection is on the correct page
2019-11-08 14:15:50,370  INFO [main] LogReport:40 - Starting the homepage testing
2019-11-08 14:15:53,335  INFO [main] LogReport:40 - product name is correct
2019-11-08 14:15:54,713  INFO [main] LogReport:40 - product name is correct
2019-11-08 14:18:33,991  INFO [main] LogReport:40 - Starting Redirection validation
2019-11-08 14:18:34,053  INFO [main] LogReport:40 - Redirection is on the correct page
2019-11-08 14:18:34,054  INFO [main] LogReport:40 - Starting the homepage testing
2019-11-08 14:18:37,758  INFO [main] LogReport:40 - product name is correct
2019-11-08 14:18:39,218  INFO [main] LogReport:40 - product name is correct
2019-11-08 14:22:04,769  INFO [main] LogReport:40 - Starting Redirection validation
2019-11-08 14:22:04,940  INFO [main] LogReport:40 - Redirection is on the correct page
2019-11-08 14:22:04,941  INFO [main] LogReport:40 - Starting the homepage testing
2019-11-08 14:22:09,804  INFO [main] LogReport:40 - product name is correct
2019-11-08 14:22:11,632  INFO [main] LogReport:40 - product name is correct
2019-11-08 14:28:33,289  INFO [main] LogReport:40 - Starting Redirection validation
2019-11-08 14:28:33,318  INFO [main] LogReport:40 - Redirection is on the correct page
2019-11-08 14:28:33,319  INFO [main] LogReport:40 - Starting the homepage testing
2019-11-08 14:28:36,812  INFO [main] LogReport:40 - product name is correct
2019-11-08 14:28:38,618  INFO [main] LogReport:40 - product name is correct
2019-11-08 14:31:16,762  INFO [main] LogReport:40 - Starting Redirection validation
2019-11-08 14:31:16,843  INFO [main] LogReport:40 - Redirection is on the correct page
2019-11-08 14:31:16,844  INFO [main] LogReport:40 - Starting the homepage testing
2019-11-08 14:31:19,921  INFO [main] LogReport:40 - product name is correct
2019-11-08 14:31:21,539  INFO [main] LogReport:40 - product name is correct
2019-11-08 14:33:19,338  INFO [main] LogReport:40 - Starting Redirection validation
2019-11-08 14:33:19,378  INFO [main] LogReport:40 - Redirection is on the correct page
2019-11-08 14:33:19,378  INFO [main] LogReport:40 - Starting the homepage testing
2019-11-08 14:33:22,815  INFO [main] LogReport:40 - product name is correct
2019-11-08 14:33:25,088  INFO [main] LogReport:40 - product name is correct
2019-11-08 14:37:49,754  INFO [main] LogReport:40 - Starting Redirection validation
2019-11-08 14:37:49,777  INFO [main] LogReport:40 - Redirection is on the correct page
2019-11-08 14:37:49,778  INFO [main] LogReport:40 - Starting the homepage testing
2019-11-08 14:37:52,805  INFO [main] LogReport:40 - product name is correct
2019-11-08 14:37:54,412  INFO [main] LogReport:40 - product name is correct
2019-11-08 14:38:55,123  INFO [main] LogReport:40 - Starting Redirection validation
2019-11-08 14:38:55,147  INFO [main] LogReport:40 - Redirection is on the correct page
2019-11-08 14:38:55,148  INFO [main] LogReport:40 - Starting the homepage testing
2019-11-08 14:38:57,943  INFO [main] LogReport:40 - product name is correct
2019-11-08 14:38:59,415  INFO [main] LogReport:40 - product name is correct
2019-11-08 14:59:58,109  INFO [main] LogReport:40 - Starting Redirection validation
2019-11-08 14:59:58,181  INFO [main] LogReport:40 - Redirection is on the correct page
2019-11-08 14:59:58,182  INFO [main] LogReport:40 - Starting the homepage testing
2019-11-08 15:00:17,425  INFO [main] LogReport:40 - product name is correct
2019-11-08 15:00:39,116  INFO [main] LogReport:40 - product name is correct
2019-11-08 15:01:11,304  INFO [main] LogReport:40 - Starting Redirection validation
2019-11-08 15:01:11,358  INFO [main] LogReport:40 - Redirection is on the correct page
2019-11-08 15:01:11,358  INFO [main] LogReport:40 - Starting the homepage testing
2019-11-08 15:01:29,771  INFO [main] LogReport:40 - product name is correct
2019-11-08 15:01:47,936  INFO [main] LogReport:40 - product name is correct
